#
# A fatal error has been detected by the Java Runtime Environment:
#
#  SIGSEGV (0xb) at pc=0x000000013103a57c, pid=14856, tid=82179
#
# JRE version: Java(TM) SE Runtime Environment (8.0_25-b17) (build 1.8.0_25-b17)
# Java VM: Java HotSpot(TM) 64-Bit Server VM (25.25-b02 mixed mode bsd-amd64 compressed oops)
# Problematic frame:
# C  [libscsynth.dylib+0x557c]  _ZN12SC_UdpInPortC2EP5Worldi+0x1be
#
# Failed to write core dump. Core dumps have been disabled. To enable core dumping, try "ulimit -c unlimited" before starting Java again
#
# If you would like to submit a bug report, please visit:
#   http://bugreport.sun.com/bugreport/crash.jsp
# The crash happened outside the Java Virtual Machine in native code.
# See problematic frame for where to report the bug.
#

---------------  T H R E A D  ---------------

Current thread (0x00007fc2c3d22800):  JavaThread "Thread-12" daemon [_thread_in_native, id=82179, stack(0x0000000131d4d000,0x0000000131e4d000)]

siginfo: si_signo: 11 (SIGSEGV), si_code: 1 (SEGV_MAPERR), si_addr: 0x0000000000000160

Registers:
RAX=0x0000000000000000, RBX=0x0000000000000000, RCX=0x00000000ffffffff, RDX=0x0000000000000000
RSP=0x0000000131e4be00, RBP=0x0000000131e4be80, RSI=0x0000000000000003, RDI=0x00007fff74dcb2d8
R8 =0x0000000000014203, R9 =0x0000000000000000, R10=0x000000000000002c, R11=0x0000000000000206
R12=0x0000000000000004, R13=0x0000000000000002, R14=0x00007fc2c791f800, R15=0x0000000142de3000
RIP=0x000000013103a57c, EFLAGS=0x0000000000010202, ERR=0x0000000000000004
  TRAPNO=0x000000000000000e

Top of Stack: (sp=0x0000000131e4be00)
0x0000000131e4be00:   0000000000000000 0001000031e4be80
0x0000000131e4be10:   0000000131e4be30 00007fff8981e395
0x0000000131e4be20:   0000000000000000 0000000000010048
0x0000000131e4be30:   0000000a0000003f 000000028467843e
0x0000000131e4be40:   00007fc2c791f800 0000000000000000
0x0000000131e4be50:   0000000131e4be80 0000000131059614
0x0000000131e4be60:   0000000000000001 0000000131e4c5e8
0x0000000131e4be70:   0000000131e4be80 0000000128eaed1c
0x0000000131e4be80:   000000000000000a 0000000131e4c680
0x0000000131e4be90:   0000000131e4bf80 0000000128eae884
0x0000000131e4bea0:   ffffffffffffffff 00000000ffffffff
0x0000000131e4beb0:   0000000110488740 0000000131e4bf30
0x0000000131e4bec0:   0000000131e4c650 0000000131e4bf40
0x0000000131e4bed0:   0000000131e4bf30 0000000131e4bf44
0x0000000131e4bee0:   0000000131e4c4f0 0000000131e4c680
0x0000000131e4bef0:   00000001310595f0 00007fc2c507b000
0x0000000131e4bf00:   0000000131e4bdd0 00007fc2c5076050
0x0000000131e4bf10:   0000000000000002 0000000200000002
0x0000000131e4bf20:   0000000131e4bdd0 00000001c3d22800
0x0000000131e4bf30:   00007fc200000002 00007fc2c5506c00
0x0000000131e4bf40:   0000000100000000 1c00b396ee6d0137
0x0000000131e4bf50:   0000000131e4bf80 0000000131e4c680
0x0000000131e4bf60:   00007fc2c507a740 0000000000000000
0x0000000131e4bf70:   00007fc2c507b000 0000000000000001
0x0000000131e4bf80:   0000000131e4c4d0 0000000128ea8f5c
0x0000000131e4bf90:   0000000100000000 00007fc2c54393b0
0x0000000131e4bfa0:   0000000131e4c4d0 0000000128ea8d55
0x0000000131e4bfb0:   0000000000000000 0000000000000000
0x0000000131e4bfc0:   0000000131e4c4d0 0000000128ea8d29
0x0000000131e4bfd0:   0000000000000000 0000000000000000
0x0000000131e4bfe0:   0000000131e4c1b0 000000010ffa2a49
0x0000000131e4bff0:   00007fc2c3d22800 00007fc2c507b020 

Instructions: (pc=0x000000013103a57c)
0x000000013103a55c:   24 3c 02 00 00 00 c7 44 24 30 3f 00 00 00 be 02
0x000000013103a56c:   00 00 00 48 8d 54 24 30 4c 89 ff e8 5c 13 07 00
0x000000013103a57c:   80 bb 60 01 00 00 00 74 15 49 8d 7e 30 31 f6 48
0x000000013103a58c:   8d 15 3e ed ff ff 4c 89 f1 e8 08 13 07 00 48 83 

Register to memory mapping:

RAX=0x0000000000000000 is an unknown value
RBX=0x0000000000000000 is an unknown value
RCX=0x00000000ffffffff is an unknown value
RDX=0x0000000000000000 is an unknown value
RSP=0x0000000131e4be00 is pointing into the stack for thread: 0x00007fc2c3d22800
RBP=0x0000000131e4be80 is pointing into the stack for thread: 0x00007fc2c3d22800
RSI=0x0000000000000003 is an unknown value
RDI=0x00007fff74dcb2d8: _pthread_list_lock+0 in /usr/lib/system/libsystem_pthread.dylib at 0x00007fff891e1000
R8 =0x0000000000014203 is an unknown value
R9 =0x0000000000000000 is an unknown value
R10=0x000000000000002c is an unknown value
R11=0x0000000000000206 is an unknown value
R12=0x0000000000000004 is an unknown value
R13=0x0000000000000002 is an unknown value
R14=0x00007fc2c791f800 is an unknown value
R15=0x0000000142de3000 is an unknown value


Stack: [0x0000000131d4d000,0x0000000131e4d000],  sp=0x0000000131e4be00,  free space=1019k
Native frames: (J=compiled Java code, j=interpreted, Vv=VM code, C=native code)
C  [libscsynth.dylib+0x557c]  _ZN12SC_UdpInPortC2EP5Worldi+0x1be
C  0x0000000131e4c680

Java frames: (J=compiled Java code, j=interpreted, Vv=VM code)
j  overtone.sc.machinery.server.native.lib_1a22d2e5_9e62_4a92_85d2_bcc559782d73.World_OpenUDP(Lcom/sun/jna/Pointer;I)I+0
j  overtone.sc.machinery.server.native$eval3949$fn__3950.invoke(Ljava/lang/Object;Ljava/lang/Object;)Ljava/lang/Object;+15
j  overtone.sc.machinery.server.native$scsynth_listen_udp.invoke(Ljava/lang/Object;Ljava/lang/Object;)Ljava/lang/Object;+55
j  overtone.sc.machinery.server.connection$internal_booter.invoke(Ljava/lang/Object;)Ljava/lang/Object;+201
j  overtone.sc.machinery.server.connection$boot_internal_server$fn__4042.invoke()Ljava/lang/Object;+13
j  clojure.lang.AFn.run()V+1
j  java.lang.Thread.run()V+11
v  ~StubRoutines::call_stub

---------------  P R O C E S S  ---------------

Java Threads: ( => current thread )
=>0x00007fc2c3d22800 JavaThread "Thread-12" daemon [_thread_in_native, id=82179, stack(0x0000000131d4d000,0x0000000131e4d000)]
  0x00007fc2c3c60000 JavaThread "AWT-Shutdown" [_thread_blocked, id=80131, stack(0x000000012db6f000,0x000000012dc6f000)]
  0x00007fc2c39ff800 JavaThread "Java Sound MidiInDevice Thread" [_thread_in_native, id=79111, stack(0x000000012c0ad000,0x000000012c1ad000)]
  0x00007fc2c3d0c800 JavaThread "Java Sound MidiInDevice Thread" [_thread_in_native, id=79627, stack(0x000000012a620000,0x000000012a720000)]
  0x00007fc2c1030000 JavaThread "pool-2-thread-6" [_thread_blocked, id=40011, stack(0x0000000132000000,0x0000000132100000)]
  0x00007fc2c457b000 JavaThread "pool-2-thread-5" [_thread_blocked, id=28171, stack(0x0000000131efd000,0x0000000131ffd000)]
  0x00007fc2c2e11800 JavaThread "pool-2-thread-4" [_thread_blocked, id=41747, stack(0x0000000131461000,0x0000000131561000)]
  0x00007fc2c4600800 JavaThread "pool-2-thread-3" [_thread_blocked, id=12299, stack(0x000000013135e000,0x000000013145e000)]
  0x00007fc2c1032000 JavaThread "pool-2-thread-2" [_thread_blocked, id=62467, stack(0x00000001302b1000,0x00000001303b1000)]
  0x00007fc2c1054800 JavaThread "pool-2-thread-1" [_thread_blocked, id=61955, stack(0x000000012faa9000,0x000000012fba9000)]
  0x00007fc2c4844800 JavaThread "pool-3-thread-6" [_thread_blocked, id=61443, stack(0x0000000130c12000,0x0000000130d12000)]
  0x00007fc2c1ab0800 JavaThread "pool-3-thread-5" [_thread_blocked, id=34319, stack(0x00000001300bb000,0x00000001301bb000)]
  0x00007fc2c4ba5800 JavaThread "pool-3-thread-4" [_thread_blocked, id=60931, stack(0x000000012ffb8000,0x00000001300b8000)]
  0x00007fc2c3c45800 JavaThread "pool-3-thread-3" [_thread_blocked, id=44835, stack(0x0000000130663000,0x0000000130763000)]
  0x00007fc2c1a90000 JavaThread "pool-3-thread-2" [_thread_blocked, id=60427, stack(0x0000000131c18000,0x0000000131d18000)]
  0x00007fc2c4b75800 JavaThread "pool-3-thread-1" [_thread_blocked, id=59935, stack(0x0000000131b15000,0x0000000131c15000)]
  0x00007fc2c44c9800 JavaThread "Java2D Disposer" daemon [_thread_blocked, id=59671, stack(0x000000012f8c1000,0x000000012f9c1000)]
  0x00007fc2c3226000 JavaThread "Java2D Queue Flusher" daemon [_thread_blocked, id=56847, stack(0x000000012eed3000,0x000000012efd3000)]
  0x00007fc2c331d000 JavaThread "AppKit Thread" daemon [_thread_in_native, id=8207, stack(0x00007fff5015b000,0x00007fff5095b000)]
  0x00007fc2c2ab8800 JavaThread "nREPL-worker-0" daemon [_thread_blocked, id=23811, stack(0x000000012ab0c000,0x000000012ac0c000)]
  0x00007fc2c2da1800 JavaThread "clojure-agent-send-off-pool-5" [_thread_in_native, id=23299, stack(0x000000012a3ef000,0x000000012a4ef000)]
  0x00007fc2c149a800 JavaThread "clojure-agent-send-off-pool-6" [_thread_in_native, id=22787, stack(0x000000012a2ec000,0x000000012a3ec000)]
  0x00007fc2c252d000 JavaThread "clojure-agent-send-off-pool-4" [_thread_blocked, id=22275, stack(0x000000012a0db000,0x000000012a1db000)]
  0x00007fc2c2ff7800 JavaThread "clojure-agent-send-off-pool-3" [_thread_blocked, id=22023, stack(0x0000000129fd8000,0x000000012a0d8000)]
  0x00007fc2c2c19800 JavaThread "clojure-agent-send-off-pool-2" [_thread_blocked, id=20227, stack(0x00000001299b3000,0x0000000129ab3000)]
  0x00007fc2c3181000 JavaThread "clojure-agent-send-off-pool-1" [_thread_blocked, id=19715, stack(0x000000012ae45000,0x000000012af45000)]
  0x00007fc2c1c88800 JavaThread "clojure-agent-send-off-pool-0" [_thread_in_native, id=19203, stack(0x000000012aa09000,0x000000012ab09000)]
  0x00007fc2c282f800 JavaThread "Service Thread" daemon [_thread_blocked, id=18179, stack(0x00000001288f3000,0x00000001289f3000)]
  0x00007fc2c101e800 JavaThread "C1 CompilerThread2" daemon [_thread_in_vm, id=17667, stack(0x00000001287f0000,0x00000001288f0000)]
  0x00007fc2c101e000 JavaThread "C2 CompilerThread1" daemon [_thread_blocked, id=17155, stack(0x00000001286ed000,0x00000001287ed000)]
  0x00007fc2c280a800 JavaThread "C2 CompilerThread0" daemon [_thread_in_native, id=16643, stack(0x00000001285ea000,0x00000001286ea000)]
  0x00007fc2c2809800 JavaThread "Signal Dispatcher" daemon [_thread_blocked, id=13335, stack(0x00000001284e7000,0x00000001285e7000)]
  0x00007fc2c1858000 JavaThread "Finalizer" daemon [_thread_blocked, id=11523, stack(0x0000000126ba2000,0x0000000126ca2000)]
  0x00007fc2c1857800 JavaThread "Reference Handler" daemon [_thread_blocked, id=11011, stack(0x0000000126a9f000,0x0000000126b9f000)]
  0x00007fc2c2800800 JavaThread "main" [_thread_blocked, id=3847, stack(0x0000000110b1d000,0x0000000110c1d000)]

Other Threads:
  0x00007fc2c1852800 VMThread [stack: 0x000000012699c000,0x0000000126a9c000] [id=10499]
  0x00007fc2c280d000 WatcherThread [stack: 0x00000001289f6000,0x0000000128af6000] [id=18691]

VM state:not at safepoint (normal execution)

VM Mutex/Monitor currently owned by a thread:  ([mutex/lock_event])
[0x00007fc2c0c030a0] CompiledIC_lock - owner thread: 0x00007fc2c101e800

Heap:
 PSYoungGen      total 690688K, used 641186K [0x0000000795580000, 0x00000007c0000000, 0x00000007c0000000)
  eden space 683008K, 92% used [0x0000000795580000,0x00000007bc02c8a0,0x00000007bf080000)
  from space 7680K, 99% used [0x00000007bf080000,0x00000007bf7fc020,0x00000007bf800000)
  to   space 8192K, 0% used [0x00000007bf800000,0x00000007bf800000,0x00000007c0000000)
 ParOldGen       total 94208K, used 28376K [0x0000000740000000, 0x0000000745c00000, 0x0000000795580000)
  object space 94208K, 30% used [0x0000000740000000,0x0000000741bb6188,0x0000000745c00000)
 Metaspace       used 41105K, capacity 54945K, committed 55040K, reserved 1089536K
  class space    used 10187K, capacity 14762K, committed 14848K, reserved 1048576K

Card table byte_map: [0x000000011fff0000,0x00000001203f1000] byte_map_base: 0x000000011c5f0000

Marking Bits: (ParMarkBitMap*) 0x000000011049d390
 Begin Bits: [0x0000000120aa8000, 0x0000000122aa8000)
 End Bits:   [0x0000000122aa8000, 0x0000000124aa8000)

Polling page: 0x000000010f3fc000

CodeCache: size=245760Kb used=17115Kb max_used=17883Kb free=228645Kb
 bounds [0x0000000110c30000, 0x0000000111dc0000, 0x000000011fc30000]
 total_blobs=4037 nmethods=3546 adapters=405
 compilation: enabled

Compilation events (10 events):
Event: 22.917 Thread 0x00007fc2c101e000 4310       4       clojure.lang.Reflector::boxArg (187 bytes)
Event: 22.917 Thread 0x00007fc2c101e800 4308       3       clojure.lang.RT::aset (6 bytes)
Event: 22.917 Thread 0x00007fc2c101e800 nmethod 4308 0x0000000111030550 code [0x00000001110306c0, 0x0000000111030950]
Event: 22.919 Thread 0x00007fc2c101e800 4312       1       java.lang.reflect.Field::getDeclaringClass (5 bytes)
Event: 22.919 Thread 0x00007fc2c101e800 nmethod 4312 0x00000001110811d0 code [0x0000000111081320, 0x0000000111081430]
Event: 22.922 Thread 0x00007fc2c101e000 nmethod 4310 0x0000000110e7a190 code [0x0000000110e7a380, 0x0000000110e7a810]
Event: 22.922 Thread 0x00007fc2c101e000 4311       4       java.lang.Class::cast (27 bytes)
Event: 22.923 Thread 0x00007fc2c101e000 nmethod 4311 0x000000011131e8d0 code [0x000000011131ea20, 0x000000011131eb18]
Event: 22.975 Thread 0x00007fc2c101e800 4313       3       clojure.lang.Numbers$BigIntOps::combine (8 bytes)
Event: 22.975 Thread 0x00007fc2c101e800 nmethod 4313 0x00000001112288d0 code [0x0000000111228a40, 0x0000000111228c68]

GC Heap History (10 events):
Event: 12.810 GC heap before
{Heap before GC invocations=13 (full 1):
 PSYoungGen      total 431616K, used 423936K [0x0000000795580000, 0x00000007bfb00000, 0x00000007c0000000)
  eden space 423936K, 100% used [0x0000000795580000,0x00000007af380000,0x00000007af380000)
  from space 7680K, 0% used [0x00000007af380000,0x00000007af380000,0x00000007afb00000)
  to   space 7680K, 0% used [0x00000007bf380000,0x00000007bf380000,0x00000007bfb00000)
 ParOldGen       total 67072K, used 17774K [0x0000000740000000, 0x0000000744180000, 0x0000000795580000)
  object space 67072K, 26% used [0x0000000740000000,0x000000074115b970,0x0000000744180000)
 Metaspace       used 26513K, capacity 31209K, committed 31488K, reserved 1073152K
  class space    used 5796K, capacity 7386K, committed 7424K, reserved 1048576K
Event: 12.822 GC heap after
Heap after GC invocations=13 (full 1):
 PSYoungGen      total 583680K, used 5864K [0x0000000795580000, 0x00000007bf980000, 0x00000007c0000000)
  eden space 577536K, 0% used [0x0000000795580000,0x0000000795580000,0x00000007b8980000)
  from space 6144K, 95% used [0x00000007bf380000,0x00000007bf93a100,0x00000007bf980000)
  to   space 7680K, 0% used [0x00000007bea80000,0x00000007bea80000,0x00000007bf200000)
 ParOldGen       total 67072K, used 17782K [0x0000000740000000, 0x0000000744180000, 0x0000000795580000)
  object space 67072K, 26% used [0x0000000740000000,0x000000074115d970,0x0000000744180000)
 Metaspace       used 26513K, capacity 31209K, committed 31488K, reserved 1073152K
  class space    used 5796K, capacity 7386K, committed 7424K, reserved 1048576K
}
Event: 14.936 GC heap before
{Heap before GC invocations=14 (full 1):
 PSYoungGen      total 583680K, used 234239K [0x0000000795580000, 0x00000007bf980000, 0x00000007c0000000)
  eden space 577536K, 39% used [0x0000000795580000,0x00000007a3485e58,0x00000007b8980000)
  from space 6144K, 95% used [0x00000007bf380000,0x00000007bf93a100,0x00000007bf980000)
  to   space 7680K, 0% used [0x00000007bea80000,0x00000007bea80000,0x00000007bf200000)
 ParOldGen       total 67072K, used 17782K [0x0000000740000000, 0x0000000744180000, 0x0000000795580000)
  object space 67072K, 26% used [0x0000000740000000,0x000000074115d970,0x0000000744180000)
 Metaspace       used 29131K, capacity 35191K, committed 35416K, reserved 1075200K
  class space    used 6681K, capacity 8820K, committed 8832K, reserved 1048576K
Event: 14.952 GC heap after
Heap after GC invocations=14 (full 1):
 PSYoungGen      total 684544K, used 2466K [0x0000000795580000, 0x00000007c0000000, 0x00000007c0000000)
  eden space 676864K, 0% used [0x0000000795580000,0x0000000795580000,0x00000007bea80000)
  from space 7680K, 32% used [0x00000007bea80000,0x00000007bece8b78,0x00000007bf200000)
  to   space 8192K, 0% used [0x00000007bf800000,0x00000007bf800000,0x00000007c0000000)
 ParOldGen       total 67072K, used 22689K [0x0000000740000000, 0x0000000744180000, 0x0000000795580000)
  object space 67072K, 33% used [0x0000000740000000,0x00000007416284f0,0x0000000744180000)
 Metaspace       used 29131K, capacity 35191K, committed 35416K, reserved 1075200K
  class space    used 6681K, capacity 8820K, committed 8832K, reserved 1048576K
}
Event: 14.952 GC heap before
{Heap before GC invocations=15 (full 2):
 PSYoungGen      total 684544K, used 2466K [0x0000000795580000, 0x00000007c0000000, 0x00000007c0000000)
  eden space 676864K, 0% used [0x0000000795580000,0x0000000795580000,0x00000007bea80000)
  from space 7680K, 32% used [0x00000007bea80000,0x00000007bece8b78,0x00000007bf200000)
  to   space 8192K, 0% used [0x00000007bf800000,0x00000007bf800000,0x00000007c0000000)
 ParOldGen       total 67072K, used 22689K [0x0000000740000000, 0x0000000744180000, 0x0000000795580000)
  object space 67072K, 33% used [0x0000000740000000,0x00000007416284f0,0x0000000744180000)
 Metaspace       used 29131K, capacity 35191K, committed 35416K, reserved 1075200K
  class space    used 6681K, capacity 8820K, committed 8832K, reserved 1048576K
Event: 15.081 GC heap after
Heap after GC invocations=15 (full 2):
 PSYoungGen      total 684544K, used 0K [0x0000000795580000, 0x00000007c0000000, 0x00000007c0000000)
  eden space 676864K, 0% used [0x0000000795580000,0x0000000795580000,0x00000007bea80000)
  from space 7680K, 0% used [0x00000007bea80000,0x00000007bea80000,0x00000007bf200000)
  to   space 8192K, 0% used [0x00000007bf800000,0x00000007bf800000,0x00000007c0000000)
 ParOldGen       total 94208K, used 24188K [0x0000000740000000, 0x0000000745c00000, 0x0000000795580000)
  object space 94208K, 25% used [0x0000000740000000,0x000000074179f350,0x0000000745c00000)
 Metaspace       used 29129K, capacity 35189K, committed 35416K, reserved 1075200K
  class space    used 6680K, capacity 8819K, committed 8832K, reserved 1048576K
}
Event: 16.658 GC heap before
{Heap before GC invocations=16 (full 2):
 PSYoungGen      total 684544K, used 676864K [0x0000000795580000, 0x00000007c0000000, 0x00000007c0000000)
  eden space 676864K, 100% used [0x0000000795580000,0x00000007bea80000,0x00000007bea80000)
  from space 7680K, 0% used [0x00000007bea80000,0x00000007bea80000,0x00000007bf200000)
  to   space 8192K, 0% used [0x00000007bf800000,0x00000007bf800000,0x00000007c0000000)
 ParOldGen       total 94208K, used 24188K [0x0000000740000000, 0x0000000745c00000, 0x0000000795580000)
  object space 94208K, 25% used [0x0000000740000000,0x000000074179f350,0x0000000745c00000)
 Metaspace       used 30327K, capacity 36897K, committed 37120K, reserved 1077248K
  class space    used 7100K, capacity 9452K, committed 9472K, reserved 1048576K
Event: 16.667 GC heap after
Heap after GC invocations=16 (full 2):
 PSYoungGen      total 690688K, used 4606K [0x0000000795580000, 0x00000007bff80000, 0x00000007c0000000)
  eden space 683008K, 0% used [0x0000000795580000,0x0000000795580000,0x00000007bf080000)
  from space 7680K, 59% used [0x00000007bf800000,0x00000007bfc7fb98,0x00000007bff80000)
  to   space 7680K, 0% used [0x00000007bf080000,0x00000007bf080000,0x00000007bf800000)
 ParOldGen       total 94208K, used 24196K [0x0000000740000000, 0x0000000745c00000, 0x0000000795580000)
  object space 94208K, 25% used [0x0000000740000000,0x00000007417a1350,0x0000000745c00000)
 Metaspace       used 30327K, capacity 36897K, committed 37120K, reserved 1077248K
  class space    used 7100K, capacity 9452K, committed 9472K, reserved 1048576K
}
Event: 19.327 GC heap before
{Heap before GC invocations=17 (full 2):
 PSYoungGen      total 690688K, used 687614K [0x0000000795580000, 0x00000007bff80000, 0x00000007c0000000)
  eden space 683008K, 100% used [0x0000000795580000,0x00000007bf080000,0x00000007bf080000)
  from space 7680K, 59% used [0x00000007bf800000,0x00000007bfc7fb98,0x00000007bff80000)
  to   space 7680K, 0% used [0x00000007bf080000,0x00000007bf080000,0x00000007bf800000)
 ParOldGen       total 94208K, used 24196K [0x0000000740000000, 0x0000000745c00000, 0x0000000795580000)
  object space 94208K, 25% used [0x0000000740000000,0x00000007417a1350,0x0000000745c00000)
 Metaspace       used 34734K, capacity 44061K, committed 44160K, reserved 1081344K
  class space    used 8359K, capacity 11560K, committed 11648K, reserved 1048576K
Event: 19.346 GC heap after
Heap after GC invocations=17 (full 2):
 PSYoungGen      total 690688K, used 7664K [0x0000000795580000, 0x00000007c0000000, 0x00000007c0000000)
  eden space 683008K, 0% used [0x0000000795580000,0x0000000795580000,0x00000007bf080000)
  from space 7680K, 99% used [0x00000007bf080000,0x00000007bf7fc020,0x00000007bf800000)
  to   space 8192K, 0% used [0x00000007bf800000,0x00000007bf800000,0x00000007c0000000)
 ParOldGen       total 94208K, used 28376K [0x0000000740000000, 0x0000000745c00000, 0x0000000795580000)
  object space 94208K, 30% used [0x0000000740000000,0x0000000741bb6188,0x0000000745c00000)
 Metaspace       used 34734K, capacity 44061K, committed 44160K, reserved 1081344K
  class space    used 8359K, capacity 11560K, committed 11648K, reserved 1048576K
}

Deoptimization events (10 events):
Event: 22.858 Thread 0x00007fc2c2ab8800 Uncommon trap: reason=class_check action=maybe_recompile pc=0x0000000111973b50 method=clojure.lang.RT.seqFrom(Ljava/lang/Object;)Lclojure/lang/ISeq; @ 31
Event: 22.858 Thread 0x00007fc2c2ab8800 Uncommon trap: reason=class_check action=maybe_recompile pc=0x0000000111973b50 method=clojure.lang.RT.seqFrom(Ljava/lang/Object;)Lclojure/lang/ISeq; @ 31
Event: 22.896 Thread 0x00007fc2c2ab8800 Uncommon trap: reason=class_check action=maybe_recompile pc=0x00000001114a77bc method=clojure.lang.Numbers$LongOps.combine(Lclojure/lang/Numbers$Ops;)Lclojure/lang/Numbers$Ops; @ 2
Event: 22.896 Thread 0x00007fc2c2ab8800 Uncommon trap: reason=class_check action=maybe_recompile pc=0x0000000111a21228 method=clojure.lang.RT.longCast(Ljava/lang/Object;)J @ 8
Event: 22.898 Thread 0x00007fc2c2ab8800 Uncommon trap: reason=class_check action=maybe_recompile pc=0x00000001114a77bc method=clojure.lang.Numbers$LongOps.combine(Lclojure/lang/Numbers$Ops;)Lclojure/lang/Numbers$Ops; @ 2
Event: 22.899 Thread 0x00007fc2c2ab8800 Uncommon trap: reason=class_check action=maybe_recompile pc=0x0000000110d55430 method=clojure.lang.RT.longCast(Ljava/lang/Object;)J @ 8
Event: 22.912 Thread 0x00007fc2c3d22800 Uncommon trap: reason=bimorphic action=maybe_recompile pc=0x000000011148a4b0 method=clojure.lang.Reflector.boxArg(Ljava/lang/Class;Ljava/lang/Object;)Ljava/lang/Object; @ 63
Event: 22.912 Thread 0x00007fc2c3d22800 Uncommon trap: reason=bimorphic action=maybe_recompile pc=0x000000011148a4b0 method=clojure.lang.Reflector.boxArg(Ljava/lang/Class;Ljava/lang/Object;)Ljava/lang/Object; @ 63
Event: 22.912 Thread 0x00007fc2c3d22800 Uncommon trap: reason=bimorphic action=maybe_recompile pc=0x000000011148a4b0 method=clojure.lang.Reflector.boxArg(Ljava/lang/Class;Ljava/lang/Object;)Ljava/lang/Object; @ 63
Event: 22.912 Thread 0x00007fc2c3d22800 Uncommon trap: reason=bimorphic action=maybe_recompile pc=0x000000011148a4b0 method=clojure.lang.Reflector.boxArg(Ljava/lang/Class;Ljava/lang/Object;)Ljava/lang/Object; @ 63

Internal exceptions (10 events):
Event: 22.894 Thread 0x00007fc2c2ab8800 Exception <a 'java/security/PrivilegedActionException'> (0x00000007bb761308) thrown at [/HUDSON3/workspace/8-2-build-macosx-x86_64/jdk8u25/1514/hotspot/src/share/vm/prims/jvm.cpp, line 1312]
Event: 22.894 Thread 0x00007fc2c2ab8800 Exception <a 'java/security/PrivilegedActionException'> (0x00000007bb761d28) thrown at [/HUDSON3/workspace/8-2-build-macosx-x86_64/jdk8u25/1514/hotspot/src/share/vm/prims/jvm.cpp, line 1312]
Event: 22.900 Thread 0x00007fc2c3d22800 Exception <a 'java/security/PrivilegedActionException'> (0x00000007bbd86278) thrown at [/HUDSON3/workspace/8-2-build-macosx-x86_64/jdk8u25/1514/hotspot/src/share/vm/prims/jvm.cpp, line 1312]
Event: 22.902 Thread 0x00007fc2c3d22800 Exception <a 'java/security/PrivilegedActionException'> (0x00000007bbd8d578) thrown at [/HUDSON3/workspace/8-2-build-macosx-x86_64/jdk8u25/1514/hotspot/src/share/vm/prims/jvm.cpp, line 1312]
Event: 22.905 Thread 0x00007fc2c3d22800 Exception <a 'java/security/PrivilegedActionException'> (0x00000007bbd93e78) thrown at [/HUDSON3/workspace/8-2-build-macosx-x86_64/jdk8u25/1514/hotspot/src/share/vm/prims/jvm.cpp, line 1312]
Event: 22.906 Thread 0x00007fc2c3d22800 Exception <a 'java/security/PrivilegedActionException'> (0x00000007bbd98a58) thrown at [/HUDSON3/workspace/8-2-build-macosx-x86_64/jdk8u25/1514/hotspot/src/share/vm/prims/jvm.cpp, line 1312]
Event: 22.916 Thread 0x00007fc2c3d22800 Exception <a 'java/security/PrivilegedActionException'> (0x00000007bbdf6aa8) thrown at [/HUDSON3/workspace/8-2-build-macosx-x86_64/jdk8u25/1514/hotspot/src/share/vm/prims/jvm.cpp, line 1312]
Event: 22.917 Thread 0x00007fc2c3d22800 Exception <a 'java/security/PrivilegedActionException'> (0x00000007bbe09108) thrown at [/HUDSON3/workspace/8-2-build-macosx-x86_64/jdk8u25/1514/hotspot/src/share/vm/prims/jvm.cpp, line 1312]
Event: 22.917 Thread 0x00007fc2c3d22800 Exception <a 'java/security/PrivilegedActionException'> (0x00000007bbe09b00) thrown at [/HUDSON3/workspace/8-2-build-macosx-x86_64/jdk8u25/1514/hotspot/src/share/vm/prims/jvm.cpp, line 1312]
Event: 22.919 Thread 0x00007fc2c3d22800 Exception <a 'java/security/PrivilegedActionException'> (0x00000007bbe0fbd0) thrown at [/HUDSON3/workspace/8-2-build-macosx-x86_64/jdk8u25/1514/hotspot/src/share/vm/prims/jvm.cpp, line 1312]

Events (10 events):
Event: 22.914 Executing VM operation: RevokeBias
Event: 22.914 Executing VM operation: RevokeBias done
Event: 22.916 Executing VM operation: BulkRevokeBias
Event: 22.916 Executing VM operation: BulkRevokeBias done
Event: 22.916 loading class overtone/sc/machinery/server/native/struct_48bf2df8_034e_4d65_b4c2_d2c370e35f37$ByReference
Event: 22.916 loading class overtone/sc/machinery/server/native/struct_48bf2df8_034e_4d65_b4c2_d2c370e35f37$ByReference done
Event: 22.917 loading class com/sun/jna/Structure$2$StructureSet
Event: 22.917 loading class com/sun/jna/Structure$2$StructureSet done
Event: 22.919 loading class com/sun/jna/NativeString
Event: 22.919 loading class com/sun/jna/NativeString done


Dynamic libraries:
0x0000000003f11000 	/System/Library/Frameworks/Cocoa.framework/Versions/A/Cocoa
0x0000000003f11000 	/System/Library/Frameworks/Security.framework/Versions/A/Security
0x0000000003f11000 	/System/Library/Frameworks/ApplicationServices.framework/Versions/A/ApplicationServices
0x0000000003f11000 	/usr/lib/libz.1.dylib
0x0000000003f11000 	/usr/lib/libSystem.B.dylib
0x0000000003f11000 	/usr/lib/libobjc.A.dylib
0x0000000003f11000 	/System/Library/Frameworks/CoreFoundation.framework/Versions/A/CoreFoundation
0x0000000003f11000 	/System/Library/Frameworks/Foundation.framework/Versions/C/Foundation
0x0000000003f11000 	/System/Library/Frameworks/AppKit.framework/Versions/C/AppKit
0x0000000003f11000 	/System/Library/Frameworks/CoreData.framework/Versions/A/CoreData
0x0000000003f11000 	/System/Library/PrivateFrameworks/RemoteViewServices.framework/Versions/A/RemoteViewServices
0x0000000003f11000 	/System/Library/PrivateFrameworks/UIFoundation.framework/Versions/A/UIFoundation
0x0000000003f11000 	/System/Library/Frameworks/IOSurface.framework/Versions/A/IOSurface
0x0000000003f11000 	/System/Library/Frameworks/AudioToolbox.framework/Versions/A/AudioToolbox
0x0000000003f11000 	/System/Library/Frameworks/AudioUnit.framework/Versions/A/AudioUnit
0x0000000003f11000 	/System/Library/PrivateFrameworks/DataDetectorsCore.framework/Versions/A/DataDetectorsCore
0x0000000003f11000 	/System/Library/PrivateFrameworks/DesktopServicesPriv.framework/Versions/A/DesktopServicesPriv
0x0000000003f11000 	/System/Library/Frameworks/Carbon.framework/Versions/A/Frameworks/HIToolbox.framework/Versions/A/HIToolbox
0x0000000003f11000 	/System/Library/Frameworks/QuartzCore.framework/Versions/A/QuartzCore
0x0000000003f11000 	/System/Library/Frameworks/Carbon.framework/Versions/A/Frameworks/SpeechRecognition.framework/Versions/A/SpeechRecognition
0x0000000003f11000 	/usr/lib/libauto.dylib
0x0000000003f11000 	/usr/lib/libicucore.A.dylib
0x0000000003f11000 	/usr/lib/libxml2.2.dylib
0x0000000003f11000 	/System/Library/PrivateFrameworks/CoreUI.framework/Versions/A/CoreUI
0x0000000003f11000 	/System/Library/Frameworks/CoreAudio.framework/Versions/A/CoreAudio
0x0000000003f11000 	/System/Library/Frameworks/DiskArbitration.framework/Versions/A/DiskArbitration
0x0000000003f11000 	/usr/lib/liblangid.dylib
0x0000000003f11000 	/System/Library/PrivateFrameworks/MultitouchSupport.framework/Versions/A/MultitouchSupport
0x0000000003f11000 	/System/Library/Frameworks/IOKit.framework/Versions/A/IOKit
0x0000000003f11000 	/usr/lib/libDiagnosticMessagesClient.dylib
0x0000000003f11000 	/System/Library/Frameworks/CoreServices.framework/Versions/A/CoreServices
0x0000000003f11000 	/System/Library/PrivateFrameworks/PerformanceAnalysis.framework/Versions/A/PerformanceAnalysis
0x0000000003f11000 	/System/Library/PrivateFrameworks/GenerationalStorage.framework/Versions/A/GenerationalStorage
0x0000000003f11000 	/System/Library/Frameworks/OpenGL.framework/Versions/A/OpenGL
0x0000000003f11000 	/System/Library/PrivateFrameworks/Sharing.framework/Versions/A/Sharing
0x0000000003f11000 	/System/Library/Frameworks/CoreGraphics.framework/Versions/A/CoreGraphics
0x0000000003f11000 	/System/Library/Frameworks/CoreText.framework/Versions/A/CoreText
0x0000000003f11000 	/System/Library/Frameworks/ImageIO.framework/Versions/A/ImageIO
0x0000000003f11000 	/usr/lib/libextension.dylib
0x0000000003f11000 	/System/Library/PrivateFrameworks/Backup.framework/Versions/A/Backup
0x0000000003f11000 	/usr/lib/libarchive.2.dylib
0x0000000003f11000 	/System/Library/Frameworks/CFNetwork.framework/Versions/A/CFNetwork
0x0000000003f11000 	/System/Library/Frameworks/SystemConfiguration.framework/Versions/A/SystemConfiguration
0x0000000003f11000 	/usr/lib/libCRFSuite.dylib
0x0000000003f11000 	/usr/lib/libc++.1.dylib
0x0000000003f11000 	/usr/lib/libc++abi.dylib
0x0000000003f11000 	/usr/lib/system/libcache.dylib
0x0000000003f11000 	/usr/lib/system/libcommonCrypto.dylib
0x0000000003f11000 	/usr/lib/system/libcompiler_rt.dylib
0x0000000003f11000 	/usr/lib/system/libcopyfile.dylib
0x0000000003f11000 	/usr/lib/system/libcorecrypto.dylib
0x0000000003f11000 	/usr/lib/system/libdispatch.dylib
0x0000000003f11000 	/usr/lib/system/libdyld.dylib
0x0000000003f11000 	/usr/lib/system/libkeymgr.dylib
0x0000000003f11000 	/usr/lib/system/liblaunch.dylib
0x0000000003f11000 	/usr/lib/system/libmacho.dylib
0x0000000003f11000 	/usr/lib/system/libquarantine.dylib
0x0000000003f11000 	/usr/lib/system/libremovefile.dylib
0x0000000003f11000 	/usr/lib/system/libsystem_asl.dylib
0x0000000003f11000 	/usr/lib/system/libsystem_blocks.dylib
0x0000000003f11000 	/usr/lib/system/libsystem_c.dylib
0x0000000003f11000 	/usr/lib/system/libsystem_configuration.dylib
0x0000000003f11000 	/usr/lib/system/libsystem_coreservices.dylib
0x0000000003f11000 	/usr/lib/system/libsystem_coretls.dylib
0x0000000003f11000 	/usr/lib/system/libsystem_dnssd.dylib
0x0000000003f11000 	/usr/lib/system/libsystem_info.dylib
0x0000000003f11000 	/usr/lib/system/libsystem_kernel.dylib
0x0000000003f11000 	/usr/lib/system/libsystem_m.dylib
0x0000000003f11000 	/usr/lib/system/libsystem_malloc.dylib
0x0000000003f11000 	/usr/lib/system/libsystem_network.dylib
0x0000000003f11000 	/usr/lib/system/libsystem_networkextension.dylib
0x0000000003f11000 	/usr/lib/system/libsystem_notify.dylib
0x0000000003f11000 	/usr/lib/system/libsystem_platform.dylib
0x0000000003f11000 	/usr/lib/system/libsystem_pthread.dylib
0x0000000003f11000 	/usr/lib/system/libsystem_sandbox.dylib
0x0000000003f11000 	/usr/lib/system/libsystem_secinit.dylib
0x0000000003f11000 	/usr/lib/system/libsystem_stats.dylib
0x0000000003f11000 	/usr/lib/system/libsystem_trace.dylib
0x0000000003f11000 	/usr/lib/system/libunc.dylib
0x0000000003f11000 	/usr/lib/system/libunwind.dylib
0x0000000003f11000 	/usr/lib/system/libxpc.dylib
0x0000000003f11000 	/usr/lib/libbz2.1.0.dylib
0x0000000003f11000 	/usr/lib/liblzma.5.dylib
0x0000000003f11000 	/usr/lib/libbsm.0.dylib
0x0000000003f11000 	/usr/lib/libsqlite3.dylib
0x0000000003f11000 	/usr/lib/system/libkxld.dylib
0x0000000003f11000 	/usr/lib/libxar.1.dylib
0x0000000003f11000 	/usr/lib/libpam.2.dylib
0x0000000003f11000 	/usr/lib/libOpenScriptingUtil.dylib
0x0000000003f11000 	/System/Library/Frameworks/CoreServices.framework/Versions/A/Frameworks/FSEvents.framework/Versions/A/FSEvents
0x0000000003f11000 	/System/Library/Frameworks/CoreServices.framework/Versions/A/Frameworks/CarbonCore.framework/Versions/A/CarbonCore
0x0000000003f11000 	/System/Library/Frameworks/CoreServices.framework/Versions/A/Frameworks/Metadata.framework/Versions/A/Metadata
0x0000000003f11000 	/System/Library/Frameworks/CoreServices.framework/Versions/A/Frameworks/OSServices.framework/Versions/A/OSServices
0x0000000003f11000 	/System/Library/Frameworks/CoreServices.framework/Versions/A/Frameworks/SearchKit.framework/Versions/A/SearchKit
0x0000000003f11000 	/System/Library/Frameworks/CoreServices.framework/Versions/A/Frameworks/AE.framework/Versions/A/AE
0x0000000003f11000 	/System/Library/Frameworks/CoreServices.framework/Versions/A/Frameworks/LaunchServices.framework/Versions/A/LaunchServices
0x0000000003f11000 	/System/Library/Frameworks/CoreServices.framework/Versions/A/Frameworks/DictionaryServices.framework/Versions/A/DictionaryServices
0x0000000003f11000 	/System/Library/Frameworks/NetFS.framework/Versions/A/NetFS
0x0000000003f11000 	/System/Library/PrivateFrameworks/NetAuth.framework/Versions/A/NetAuth
0x0000000003f11000 	/System/Library/PrivateFrameworks/login.framework/Versions/A/Frameworks/loginsupport.framework/Versions/A/loginsupport
0x0000000003f11000 	/System/Library/PrivateFrameworks/TCC.framework/Versions/A/TCC
0x0000000003f11000 	/usr/lib/libmecabra.dylib
0x0000000003f11000 	/System/Library/Frameworks/ApplicationServices.framework/Versions/A/Frameworks/ATS.framework/Versions/A/ATS
0x0000000003f11000 	/System/Library/Frameworks/ApplicationServices.framework/Versions/A/Frameworks/ColorSync.framework/Versions/A/ColorSync
0x0000000003f11000 	/System/Library/Frameworks/ApplicationServices.framework/Versions/A/Frameworks/HIServices.framework/Versions/A/HIServices
0x0000000003f11000 	/System/Library/Frameworks/ApplicationServices.framework/Versions/A/Frameworks/LangAnalysis.framework/Versions/A/LangAnalysis
0x0000000003f11000 	/System/Library/Frameworks/ApplicationServices.framework/Versions/A/Frameworks/PrintCore.framework/Versions/A/PrintCore
0x0000000003f11000 	/System/Library/Frameworks/ApplicationServices.framework/Versions/A/Frameworks/QD.framework/Versions/A/QD
0x0000000003f11000 	/System/Library/Frameworks/ApplicationServices.framework/Versions/A/Frameworks/SpeechSynthesis.framework/Versions/A/SpeechSynthesis
0x0000000003f11000 	/System/Library/Frameworks/Accelerate.framework/Versions/A/Accelerate
0x0000000003f11000 	/System/Library/Frameworks/Accelerate.framework/Versions/A/Frameworks/vImage.framework/Versions/A/vImage
0x0000000003f11000 	/System/Library/Frameworks/Accelerate.framework/Versions/A/Frameworks/vecLib.framework/Versions/A/vecLib
0x0000000003f11000 	/System/Library/Frameworks/Accelerate.framework/Versions/A/Frameworks/vecLib.framework/Versions/A/libvDSP.dylib
0x0000000003f11000 	/System/Library/Frameworks/Accelerate.framework/Versions/A/Frameworks/vecLib.framework/Versions/A/libvMisc.dylib
0x0000000003f11000 	/System/Library/Frameworks/Accelerate.framework/Versions/A/Frameworks/vecLib.framework/Versions/A/libLAPACK.dylib
0x0000000003f11000 	/System/Library/Frameworks/Accelerate.framework/Versions/A/Frameworks/vecLib.framework/Versions/A/libBLAS.dylib
0x0000000003f11000 	/System/Library/Frameworks/Accelerate.framework/Versions/A/Frameworks/vecLib.framework/Versions/A/libLinearAlgebra.dylib
0x0000000003f11000 	/System/Library/Frameworks/ApplicationServices.framework/Versions/A/Frameworks/ATS.framework/Versions/A/Resources/libFontParser.dylib
0x0000000003f11000 	/System/Library/Frameworks/ApplicationServices.framework/Versions/A/Frameworks/ATS.framework/Versions/A/Resources/libFontRegistry.dylib
0x0000000003f11000 	/System/Library/PrivateFrameworks/AppleVPA.framework/Versions/A/AppleVPA
0x0000000003f11000 	/System/Library/PrivateFrameworks/AppleJPEG.framework/Versions/A/AppleJPEG
0x0000000003f11000 	/System/Library/Frameworks/ImageIO.framework/Versions/A/Resources/libJPEG.dylib
0x0000000003f11000 	/System/Library/Frameworks/ImageIO.framework/Versions/A/Resources/libTIFF.dylib
0x0000000003f11000 	/System/Library/Frameworks/ImageIO.framework/Versions/A/Resources/libPng.dylib
0x0000000003f11000 	/System/Library/Frameworks/ImageIO.framework/Versions/A/Resources/libGIF.dylib
0x0000000003f11000 	/System/Library/Frameworks/ImageIO.framework/Versions/A/Resources/libJP2.dylib
0x0000000003f11000 	/System/Library/Frameworks/ImageIO.framework/Versions/A/Resources/libRadiance.dylib
0x0000000003f11000 	/System/Library/Frameworks/CoreVideo.framework/Versions/A/CoreVideo
0x0000000003f11000 	/System/Library/Frameworks/OpenGL.framework/Versions/A/Libraries/libGLU.dylib
0x0000000003f11000 	/System/Library/Frameworks/OpenGL.framework/Versions/A/Libraries/libGFXShared.dylib
0x0000000003f11000 	/System/Library/Frameworks/OpenGL.framework/Versions/A/Libraries/libGL.dylib
0x0000000003f11000 	/System/Library/Frameworks/OpenGL.framework/Versions/A/Libraries/libGLImage.dylib
0x0000000003f11000 	/System/Library/Frameworks/OpenGL.framework/Versions/A/Libraries/libCVMSPluginSupport.dylib
0x0000000003f11000 	/System/Library/Frameworks/OpenGL.framework/Versions/A/Libraries/libCoreVMClient.dylib
0x0000000003f11000 	/usr/lib/libcups.2.dylib
0x0000000003f11000 	/System/Library/Frameworks/Kerberos.framework/Versions/A/Kerberos
0x0000000003f11000 	/System/Library/Frameworks/GSS.framework/Versions/A/GSS
0x0000000003f11000 	/usr/lib/libresolv.9.dylib
0x0000000003f11000 	/usr/lib/libiconv.2.dylib
0x0000000003f11000 	/System/Library/PrivateFrameworks/Heimdal.framework/Versions/A/Heimdal
0x0000000003f11000 	/usr/lib/libheimdal-asn1.dylib
0x0000000003f11000 	/System/Library/Frameworks/OpenDirectory.framework/Versions/A/OpenDirectory
0x0000000003f11000 	/System/Library/PrivateFrameworks/CommonAuth.framework/Versions/A/CommonAuth
0x0000000003f11000 	/System/Library/Frameworks/OpenDirectory.framework/Versions/A/Frameworks/CFOpenDirectory.framework/Versions/A/CFOpenDirectory
0x0000000003f11000 	/System/Library/Frameworks/SecurityFoundation.framework/Versions/A/SecurityFoundation
0x0000000003f11000 	/System/Library/PrivateFrameworks/LanguageModeling.framework/Versions/A/LanguageModeling
0x0000000003f11000 	/usr/lib/libcmph.dylib
0x0000000003f11000 	/System/Library/Frameworks/ServiceManagement.framework/Versions/A/ServiceManagement
0x0000000003f11000 	/usr/lib/libxslt.1.dylib
0x0000000003f11000 	/System/Library/Frameworks/Carbon.framework/Versions/A/Frameworks/Ink.framework/Versions/A/Ink
0x0000000003f11000 	/System/Library/Frameworks/QuartzCore.framework/Versions/A/Frameworks/CoreImage.framework/Versions/A/CoreImage
0x0000000003f11000 	/System/Library/PrivateFrameworks/CrashReporterSupport.framework/Versions/A/CrashReporterSupport
0x0000000003f11000 	/System/Library/Frameworks/OpenCL.framework/Versions/A/OpenCL
0x0000000003f11000 	/System/Library/PrivateFrameworks/FaceCore.framework/Versions/A/FaceCore
0x0000000003f11000 	/System/Library/PrivateFrameworks/Ubiquity.framework/Versions/A/Ubiquity
0x0000000003f11000 	/System/Library/PrivateFrameworks/IconServices.framework/Versions/A/IconServices
0x0000000003f11000 	/System/Library/PrivateFrameworks/ChunkingLibrary.framework/Versions/A/ChunkingLibrary
0x0000000003f11000 	/System/Library/PrivateFrameworks/Apple80211.framework/Versions/A/Apple80211
0x0000000003f11000 	/System/Library/Frameworks/CoreWLAN.framework/Versions/A/CoreWLAN
0x0000000003f11000 	/System/Library/Frameworks/IOBluetooth.framework/Versions/A/IOBluetooth
0x0000000003f11000 	/System/Library/PrivateFrameworks/CoreWiFi.framework/Versions/A/CoreWiFi
0x0000000003f11000 	/System/Library/Frameworks/CoreBluetooth.framework/Versions/A/CoreBluetooth
0x0000000003f11000 	/System/Library/PrivateFrameworks/DebugSymbols.framework/Versions/A/DebugSymbols
0x0000000003f11000 	/System/Library/PrivateFrameworks/CoreSymbolication.framework/Versions/A/CoreSymbolication
0x0000000003f11000 	/System/Library/PrivateFrameworks/Symbolication.framework/Versions/A/Symbolication
0x0000000003f11000 	/System/Library/PrivateFrameworks/SpeechRecognitionCore.framework/Versions/A/SpeechRecognitionCore
0x000000010fc00000 	/Library/Java/JavaVirtualMachines/jdk1.8.0_25.jdk/Contents/Home/jre/lib/server/libjvm.dylib
0x0000000003f11000 	/usr/lib/libstdc++.6.dylib
0x000000010f3ba000 	/Library/Java/JavaVirtualMachines/jdk1.8.0_25.jdk/Contents/Home/jre/lib/libverify.dylib
0x000000010f3c8000 	/Library/Java/JavaVirtualMachines/jdk1.8.0_25.jdk/Contents/Home/jre/lib/libjava.dylib
0x0000000110c27000 	/Library/Java/JavaVirtualMachines/jdk1.8.0_25.jdk/Contents/Home/jre/lib/libzip.dylib
0x0000000126ca4000 	/System/Library/Frameworks/JavaVM.framework/Frameworks/JavaRuntimeSupport.framework/JavaRuntimeSupport
0x0000000126cba000 	/System/Library/Frameworks/JavaVM.framework/Versions/A/Frameworks/JavaNativeFoundation.framework/Versions/A/JavaNativeFoundation
0x0000000126cce000 	/System/Library/Frameworks/JavaVM.framework/Versions/A/JavaVM
0x0000000003f11000 	/System/Library/Frameworks/Carbon.framework/Versions/A/Carbon
0x0000000126cda000 	/System/Library/PrivateFrameworks/JavaLaunching.framework/Versions/A/JavaLaunching
0x0000000003f11000 	/System/Library/Frameworks/Carbon.framework/Versions/A/Frameworks/CommonPanels.framework/Versions/A/CommonPanels
0x0000000003f11000 	/System/Library/Frameworks/Carbon.framework/Versions/A/Frameworks/Help.framework/Versions/A/Help
0x0000000003f11000 	/System/Library/Frameworks/Carbon.framework/Versions/A/Frameworks/ImageCapture.framework/Versions/A/ImageCapture
0x0000000003f11000 	/System/Library/Frameworks/Carbon.framework/Versions/A/Frameworks/OpenScripting.framework/Versions/A/OpenScripting
0x0000000003f11000 	/System/Library/Frameworks/Carbon.framework/Versions/A/Frameworks/Print.framework/Versions/A/Print
0x0000000003f11000 	/System/Library/Frameworks/Carbon.framework/Versions/A/Frameworks/SecurityHI.framework/Versions/A/SecurityHI
0x0000000128c51000 	/Library/Java/JavaVirtualMachines/jdk1.8.0_25.jdk/Contents/Home/jre/lib/libnet.dylib
0x0000000129b45000 	/Library/Java/JavaVirtualMachines/jdk1.8.0_25.jdk/Contents/Home/jre/lib/libawt.dylib
0x000000012a78f000 	/Library/Java/JavaVirtualMachines/jdk1.8.0_25.jdk/Contents/Home/jre/lib/./libmlib_image.dylib
0x000000012a85b000 	/Library/Java/JavaVirtualMachines/jdk1.8.0_25.jdk/Contents/Home/jre/lib/libawt_lwawt.dylib
0x0000000128c6c000 	/Library/Java/JavaVirtualMachines/jdk1.8.0_25.jdk/Contents/Home/jre/lib/./libosxapp.dylib
0x0000000003f11000 	/System/Library/Frameworks/ExceptionHandling.framework/Versions/A/ExceptionHandling
0x0000000003f11000 	/System/Library/PrivateFrameworks/CoreServicesInternal.framework/Versions/A/CoreServicesInternal
0x0000000003f11000 	/System/Library/PrivateFrameworks/CloudDocs.framework/Versions/A/CloudDocs
0x0000000003f11000 	/System/Library/PrivateFrameworks/CoreDuet.framework/Versions/A/CoreDuet
0x0000000003f11000 	/System/Library/Frameworks/CloudKit.framework/Versions/A/CloudKit
0x0000000003f11000 	/System/Library/PrivateFrameworks/ProtocolBuffer.framework/Versions/A/ProtocolBuffer
0x0000000003f11000 	/System/Library/PrivateFrameworks/CoreDuetDaemonProtocol.framework/Versions/A/CoreDuetDaemonProtocol
0x0000000003f11000 	/System/Library/PrivateFrameworks/CoreDuetDebugLogging.framework/Versions/A/CoreDuetDebugLogging
0x0000000003f11000 	/System/Library/Frameworks/CoreLocation.framework/Versions/A/CoreLocation
0x0000000003f11000 	/System/Library/Frameworks/Accounts.framework/Versions/A/Accounts
0x0000000003f11000 	/System/Library/PrivateFrameworks/ApplePushService.framework/Versions/A/ApplePushService
0x0000000003f11000 	/System/Library/PrivateFrameworks/GeoServices.framework/Versions/A/GeoServices
0x0000000003f11000 	/System/Library/PrivateFrameworks/OAuth.framework/Versions/A/OAuth
0x0000000003f11000 	/System/Library/PrivateFrameworks/CoreDaemon.framework/Versions/B/CoreDaemon
0x0000000003f11000 	/usr/lib/libcrypto.0.9.8.dylib
0x0000000003f11000 	/System/Library/PrivateFrameworks/AppleSRP.framework/Versions/A/AppleSRP
0x0000000003f11000 	/System/Library/PrivateFrameworks/TrustEvaluationAgent.framework/Versions/A/TrustEvaluationAgent
0x00000001291df000 	/System/Library/Frameworks/CoreGraphics.framework/Versions/A/Resources/libCGCMS.A.dylib
0x000000012a1fd000 	/System/Library/Frameworks/CoreGraphics.framework/Versions/A/Resources/libRIP.A.dylib
0x00000001291ee000 	/System/Library/Frameworks/CoreGraphics.framework/Versions/A/Resources/libCGXType.A.dylib
0x0000000003f11000 	/System/Library/Frameworks/OpenCL.framework/Versions/A/Libraries/libcldcpuengine.dylib
0x0000000003f11000 	/System/Library/PrivateFrameworks/DiskImages.framework/Versions/A/DiskImages
0x0000000003f11000 	/System/Library/Frameworks/DiscRecording.framework/Versions/A/DiscRecording
0x0000000003f11000 	/usr/lib/libcsfde.dylib
0x0000000003f11000 	/usr/lib/libcurl.4.dylib
0x0000000003f11000 	/System/Library/PrivateFrameworks/MediaKit.framework/Versions/A/MediaKit
0x0000000003f11000 	/System/Library/PrivateFrameworks/ProtectedCloudStorage.framework/Versions/A/ProtectedCloudStorage
0x0000000003f11000 	/usr/lib/libCoreStorage.dylib
0x0000000003f11000 	/System/Library/PrivateFrameworks/EFILogin.framework/Versions/A/EFILogin
0x0000000003f11000 	/usr/lib/libutil.dylib
0x0000000003f11000 	/System/Library/PrivateFrameworks/FindMyDevice.framework/Versions/A/FindMyDevice
0x0000000003f11000 	/System/Library/Frameworks/LDAP.framework/Versions/A/LDAP
0x0000000003f11000 	/usr/lib/libsasl2.2.dylib
0x0000000128cbf000 	cl_kernels
0x000000012ddae000 	/System/Library/Frameworks/OpenCL.framework/Versions/A/Libraries/ImageFormats/unorm8_bgra.dylib
0x0000000128cb1000 	cl_kernels
0x0000000003f11000 	/System/Library/PrivateFrameworks/FamilyControls.framework/Versions/A/FamilyControls
0x0000000003f11000 	/System/Library/PrivateFrameworks/CommerceKit.framework/Versions/A/Frameworks/CommerceCore.framework/Versions/A/CommerceCore
0x0000000003f11000 	/System/Library/PrivateFrameworks/SystemAdministration.framework/Versions/A/SystemAdministration
0x0000000003f11000 	/System/Library/PrivateFrameworks/AppContainer.framework/Versions/A/AppContainer
0x0000000003f11000 	/System/Library/PrivateFrameworks/SecCodeWrapper.framework/Versions/A/SecCodeWrapper
0x0000000003f11000 	/System/Library/Frameworks/DirectoryService.framework/Versions/A/DirectoryService
0x0000000003f11000 	/System/Library/PrivateFrameworks/LoginUIKit.framework/Versions/A/Frameworks/LoginUICore.framework/Versions/A/LoginUICore
0x0000000003f11000 	/usr/lib/libodfde.dylib
0x000000012a235000 	/Library/Java/JavaVirtualMachines/jdk1.8.0_25.jdk/Contents/Home/jre/lib/libfontmanager.dylib
0x000000012efd5000 	/System/Library/Frameworks/OpenGL.framework/Resources/GLEngine.bundle/GLEngine
0x0000000003f11000 	/System/Library/Frameworks/OpenGL.framework/Versions/A/Libraries/libGLProgrammability.dylib
0x0000000000000000 	/System/Library/Extensions/AppleIntelHD5000GraphicsGLDriver.bundle/Contents/MacOS/AppleIntelHD5000GraphicsGLDriver
0x0000000003f11000 	/System/Library/PrivateFrameworks/IOAccelerator.framework/Versions/A/IOAccelerator
0x0000000003f11000 	/System/Library/PrivateFrameworks/GPUSupport.framework/Versions/A/Libraries/libGPUSupportMercury.dylib
0x0000000128f98000 	/System/Library/Frameworks/OpenGL.framework/Resources//GLRendererFloat.bundle/GLRendererFloat
0x0000000128d44000 	/Library/Java/JavaVirtualMachines/jdk1.8.0_25.jdk/Contents/Home/jre/lib/libnio.dylib
0x0000000128ea2000 	/private/var/folders/3r/sncdf4jj6qv9wk6q8n8tzr500000gn/T/jna/jna6377882334844385763.tmp
0x0000000131035000 	/Users/ja/asdf/target/native/macosx/x86/libscsynth.dylib
0x000000012913a000 	/Library/Java/JavaVirtualMachines/jdk1.8.0_25.jdk/Contents/Home/jre/lib/libjsound.dylib
0x000000012914d000 	/System/Library/Frameworks/CoreMIDI.framework/Versions/A/CoreMIDI
0x0000000003f11000 	/usr/lib/libexpat.1.dylib
0x0000000128d55000 	/System/Library/Extensions/AppleHDA.kext/Contents/PlugIns/AppleHDAHALPlugIn.bundle/Contents/MacOS/AppleHDAHALPlugIn
0x0000000128dc1000 	/Library/Java/JavaVirtualMachines/jdk1.8.0_25.jdk/Contents/Home/jre/lib/libmanagement.dylib
0x0000000129d69000 	/Users/ja/asdf/target/native/macosx/x86/BinaryOpUGens.scx
0x0000000126ded000 	/Users/ja/asdf/target/native/macosx/x86/ChaosUGens.scx
0x0000000126df6000 	/Users/ja/asdf/target/native/macosx/x86/DelayUGens.scx
0x0000000126e21000 	/Users/ja/asdf/target/native/macosx/x86/DemandUGens.scx
0x000000012dcb2000 	/Users/ja/asdf/target/native/macosx/x86/DiskIO_UGens.scx
0x0000000126e2c000 	/Users/ja/asdf/target/native/macosx/x86/DynNoiseUGens.scx
0x0000000129e16000 	/Users/ja/asdf/target/native/macosx/x86/FFT_UGens.scx
0x0000000129d92000 	/Users/ja/asdf/target/native/macosx/x86/FilterUGens.scx
0x0000000126e31000 	/Users/ja/asdf/target/native/macosx/x86/GendynUGens.scx
0x00000001291cc000 	/Users/ja/asdf/target/native/macosx/x86/GrainUGens.scx
0x0000000126e36000 	/Users/ja/asdf/target/native/macosx/x86/IOUGens.scx
0x0000000126e65000 	/Users/ja/asdf/target/native/macosx/x86/KeyboardUGens.scx
0x0000000129e36000 	/Users/ja/asdf/target/native/macosx/x86/LFUGens.scx
0x000000012a598000 	/Users/ja/asdf/target/native/macosx/x86/ML_UGens.scx
0x0000000126e6a000 	/Users/ja/asdf/target/native/macosx/x86/MouseUGens.scx
0x00000001290cd000 	/Users/ja/asdf/target/native/macosx/x86/MulAddUGens.scx
0x00000001291f7000 	/Users/ja/asdf/target/native/macosx/x86/NoiseUGens.scx
0x0000000129e49000 	/Users/ja/asdf/target/native/macosx/x86/OscUGens.scx
0x000000012984e000 	/Users/ja/asdf/target/native/macosx/x86/PanUGens.scx
0x0000000126e3e000 	/Users/ja/asdf/target/native/macosx/x86/PhysicalModelingUGens.scx
0x000000012a531000 	/Users/ja/asdf/target/native/macosx/x86/PV_ThirdParty.scx
0x000000012994c000 	/Users/ja/asdf/target/native/macosx/x86/ReverbUGens.scx
0x0000000128db9000 	/Users/ja/asdf/target/native/macosx/x86/TestUGens.scx
0x0000000129b38000 	/Users/ja/asdf/target/native/macosx/x86/TriggerUGens.scx
0x000000012a76d000 	/Users/ja/asdf/target/native/macosx/x86/UnaryOpUGens.scx
0x0000000129c90000 	/Users/ja/asdf/target/native/macosx/x86/UnpackFFTUGens.scx

VM Arguments:
jvm_args: -Dclojure.compile.path=/Users/ja/asdf/target/classes -Dasdf.version=0.1.0-SNAPSHOT -Dfile.encoding=UTF-8 -Dclojure.debug=false -Djava.library.path=/Users/ja/asdf/target/native/macosx/x86 
java_command: clojure.main -i /private/var/folders/3r/sncdf4jj6qv9wk6q8n8tzr500000gn/T/form-init2646524148168201736.clj
java_class_path (initial): /Users/ja/asdf/test:/Users/ja/asdf/src:/Users/ja/asdf/dev-resources:/Users/ja/asdf/resources:/Users/ja/asdf/target/classes:/Users/ja/.m2/repository/org/apache/httpcomponents/httpcore/4.1.2/httpcore-4.1.2.jar:/Users/ja/.m2/repository/clojure-complete/clojure-complete/0.2.3/clojure-complete-0.2.3.jar:/Users/ja/.m2/repository/org/apache/httpcomponents/httpclient/4.1.2/httpclient-4.1.2.jar:/Users/ja/.m2/repository/org/sonatype/aether/aether-spi/1.13.1/aether-spi-1.13.1.jar:/Users/ja/.m2/repository/org/clojure/tools.analyzer/0.1.0-beta12/tools.analyzer-0.1.0-beta12.jar:/Users/ja/.m2/repository/org/apache/maven/wagon/wagon-http/2.2/wagon-http-2.2.jar:/Users/ja/.m2/repository/watchtower/watchtower/0.1.1/watchtower-0.1.1.jar:/Users/ja/.m2/repository/org/sonatype/sisu/sisu-inject-bean/2.2.3/sisu-inject-bean-2.2.3.jar:/Users/ja/.m2/repository/overtone/scsynth-extras/3.5.7.0/scsynth-extras-3.5.7.0.jar:/Users/ja/.m2/repository/org/clojure/tools.macro/0.1.5/tools.macro-0.1.5.jar:/Users/ja/.m2/repository/org/sonatype/aether/aether-api/1.13.1/aether-api-1.13.1.jar:/Users/ja/.m2/repository/net/java/dev/jna/jna/3.4.0/jna-3.4.0.jar:/Users/ja/.m2/repository/cljsbuild/cljsbuild/1.0.5/cljsbuild-1.0.5.jar:/Users/ja/.m2/repository/ring/ring-codec/1.0.0/ring-codec-1.0.0.jar:/Users/ja/.m2/repository/org/clojure/tools.analyzer.jvm/0.1.0-beta12/tools.analyzer.jvm-0.1.0-beta12.jar:/Users/ja/.m2/repository/org/clojure/core.cache/0.6.3/core.cache-0.6.3.jar:/Users/ja/.m2/repository/joda-time/joda-time/2.2/joda-time-2.2.jar:/Users/ja/.m2/repository/ring/ring-core/1.3.2/ring-core-1.3.2.jar:/Users/ja/.m2/repository/org/clojure/google-closure-library-third-party/0.0-20140718-946a7d39/google-closure-library-third-party-0.0-20140718-946a7d39.jar:/Users/ja/.m2/repository/org/clojure/clojurescript/0.0-2850/clojurescript-0.0-2850.jar:/Users/ja/.m2/repository/com/google/guava/guava/17.0/guava-17.0.jar:/Users/ja/.m2/repository/ring-cors/ring-cors/0.1.7/ring-cors-0.1.7.jar:/Users
Launcher Type: SUN_STANDARD

Environment Variables:
PATH=/Users/ja/.rvm/gems/ruby-2.1.5/bin:/Users/ja/.rvm/gems/ruby-2.1.5@global/bin:/Users/ja/.rvm/rubies/ruby-2.1.5/bin:/usr/local/bin:/usr/bin:/bin:/usr/sbin:/sbin:/opt/X11/bin:/Users/ja/.rvm/bin
SHELL=/bin/bash
DISPLAY=/private/tmp/com.apple.launchd.9A1mrd3Q7x/org.macosforge.xquartz:0

Signal Handlers:
SIGSEGV: [libjvm.dylib+0x579dc7], sa_mask[0]=11111111011111110111111111111111, sa_flags=SA_ONSTACK|SA_RESTART|SA_SIGINFO
SIGBUS: [libjvm.dylib+0x579dc7], sa_mask[0]=11111111011111110111111111111111, sa_flags=SA_RESTART|SA_SIGINFO
SIGFPE: [libjvm.dylib+0x45b030], sa_mask[0]=11111111011111110111111111111111, sa_flags=SA_RESTART|SA_SIGINFO
SIGPIPE: [libjvm.dylib+0x45b030], sa_mask[0]=11111111011111110111111111111111, sa_flags=SA_RESTART|SA_SIGINFO
SIGXFSZ: [libjvm.dylib+0x45b030], sa_mask[0]=11111111011111110111111111111111, sa_flags=SA_RESTART|SA_SIGINFO
SIGILL: [libjvm.dylib+0x45b030], sa_mask[0]=11111111011111110111111111111111, sa_flags=SA_RESTART|SA_SIGINFO
SIGUSR1: SIG_DFL, sa_mask[0]=11011111011111100000000111000110, sa_flags=none
SIGUSR2: [libjvm.dylib+0x45ab4e], sa_mask[0]=00100000000000000000000000000000, sa_flags=SA_RESTART|SA_SIGINFO
SIGHUP: [libjvm.dylib+0x459121], sa_mask[0]=11111111011111110111111111111111, sa_flags=SA_RESTART|SA_SIGINFO
SIGINT: [libjvm.dylib+0x459121], sa_mask[0]=11111111011111110111111111111111, sa_flags=SA_RESTART|SA_SIGINFO
SIGTERM: [libjvm.dylib+0x459121], sa_mask[0]=11111111011111110111111111111111, sa_flags=SA_RESTART|SA_SIGINFO
SIGQUIT: [libjvm.dylib+0x459121], sa_mask[0]=11111111011111110111111111111111, sa_flags=SA_RESTART|SA_SIGINFO


---------------  S Y S T E M  ---------------

OS:Bsduname:Darwin 14.1.0 Darwin Kernel Version 14.1.0: Mon Dec 22 23:10:38 PST 2014; root:xnu-2782.10.72~2/RELEASE_X86_64 x86_64
rlimit: STACK 8192k, CORE 0k, NPROC 709, NOFILE 10240, AS infinity
load average:2.43 2.07 2.49

CPU:total 4 (2 cores per cpu, 2 threads per core) family 6 model 69 stepping 1, cmov, cx8, fxsr, mmx, sse, sse2, sse3, ssse3, sse4.1, sse4.2, popcnt, avx, avx2, aes, clmul, erms, lzcnt, ht, tsc, tscinvbit, bmi1, bmi2

Memory: 4k page, physical 8388608k(24564k free)

/proc/meminfo:


vm_info: Java HotSpot(TM) 64-Bit Server VM (25.25-b02) for bsd-amd64 JRE (1.8.0_25-b17), built on Sep 17 2014 16:56:50 by "java_re" with gcc 4.2.1 (Based on Apple Inc. build 5658) (LLVM build 2336.11.00)

time: Sun Apr 19 20:02:41 2015
elapsed time: 22 seconds (0d 0h 0m 22s)

